e:\github\raytracing\raytracing\x64\debug\vc143.pdb
e:\github\raytracing\raytracing\x64\debug\vc143.idb
e:\github\raytracing\raytracing\x64\debug\vector3.obj
e:\github\raytracing\raytracing\x64\debug\texture.obj
e:\github\raytracing\raytracing\x64\debug\sphere.obj
e:\github\raytracing\raytracing\x64\debug\raytracing.obj
e:\github\raytracing\raytracing\x64\debug\quadrilaterals.obj
e:\github\raytracing\raytracing\x64\debug\perlin.obj
e:\github\raytracing\raytracing\x64\debug\materials.obj
e:\github\raytracing\raytracing\x64\debug\interval.obj
e:\github\raytracing\raytracing\x64\debug\hittablecollection.obj
e:\github\raytracing\raytracing\x64\debug\hittable.obj
e:\github\raytracing\raytracing\x64\debug\diffuselight.obj
e:\github\raytracing\raytracing\x64\debug\constantdensitymedium.obj
e:\github\raytracing\raytracing\x64\debug\camera.obj
e:\github\raytracing\raytracing\x64\debug\bvhnode.obj
e:\github\raytracing\raytracing\x64\debug\aabb.obj
e:\github\raytracing\x64\debug\raytracing.pdb
e:\github\raytracing\raytracing\x64\debug\raytracing.tlog\cl.command.1.tlog
e:\github\raytracing\raytracing\x64\debug\raytracing.tlog\cl.read.1.tlog
e:\github\raytracing\raytracing\x64\debug\raytracing.tlog\cl.write.1.tlog
e:\github\raytracing\raytracing\x64\debug\raytracing.tlog\link-cvtres.read.1.tlog
e:\github\raytracing\raytracing\x64\debug\raytracing.tlog\link-cvtres.write.1.tlog
e:\github\raytracing\raytracing\x64\debug\raytracing.tlog\link-rc.read.1.tlog
e:\github\raytracing\raytracing\x64\debug\raytracing.tlog\link-rc.write.1.tlog
e:\github\raytracing\raytracing\x64\debug\raytracing.tlog\link.command.1.tlog
e:\github\raytracing\raytracing\x64\debug\raytracing.tlog\link.read.1.tlog
e:\github\raytracing\raytracing\x64\debug\raytracing.tlog\link.read.2.tlog
e:\github\raytracing\raytracing\x64\debug\raytracing.tlog\link.write.1.tlog
